# JRE version: Java(TM) SE Runtime Environment (8.0_161-b12) (build 1.8.0_161-b12)
# Java VM: Java HotSpot(TM) 64-Bit Server VM (25.161-b12 mixed mode windows-amd64 compressed oops)
Heap:
 PSYoungGen      total 491008K, used 340736K [0x00000000e0780000, 0x0000000100000000, 0x0000000100000000)
  eden space 473600K, 68% used [0x00000000e0780000,0x00000000f4375438,0x00000000fd600000)
  from space 17408K, 98% used [0x00000000fd600000,0x00000000fe6cabc8,0x00000000fe700000)
  to   space 22528K, 0% used [0x00000000fea00000,0x00000000fea00000,0x0000000100000000)
 ParOldGen       total 120320K, used 50659K [0x00000000a1600000, 0x00000000a8b80000, 0x00000000e0780000)
  object space 120320K, 42% used [0x00000000a1600000,0x00000000a4778d28,0x00000000a8b80000)
 Metaspace       used 66303K, capacity 69253K, committed 69376K, reserved 1110016K
  class space    used 9127K, capacity 9630K, committed 9728K, reserved 1048576K
GC Heap History (10 events):
Event: 64.430 GC heap before
{Heap before GC invocations=14 (full 2):
 PSYoungGen      total 431616K, used 426959K [0x00000000e0780000, 0x0000000100000000, 0x0000000100000000)
  eden space 411136K, 100% used [0x00000000e0780000,0x00000000f9900000,0x00000000f9900000)
  from space 20480K, 77% used [0x00000000f9900000,0x00000000fa873e50,0x00000000fad00000)
  to   space 21504K, 0% used [0x00000000feb00000,0x00000000feb00000,0x0000000100000000)
 ParOldGen       total 61952K, used 36046K [0x00000000a1600000, 0x00000000a5280000, 0x00000000e0780000)
  object space 61952K, 58% used [0x00000000a1600000,0x00000000a3933ac0,0x00000000a5280000)
 Metaspace       used 55048K, capacity 57357K, committed 57472K, reserved 1099776K
  class space    used 7544K, capacity 7969K, committed 8064K, reserved 1048576K
Event: 64.583 GC heap after
Heap after GC invocations=14 (full 2):
 PSYoungGen      total 495616K, used 11630K [0x00000000e0780000, 0x0000000100000000, 0x0000000100000000)
  eden space 474112K, 0% used [0x00000000e0780000,0x00000000e0780000,0x00000000fd680000)
  from space 21504K, 54% used [0x00000000feb00000,0x00000000ff65ba30,0x0000000100000000)
  to   space 20992K, 0% used [0x00000000fd680000,0x00000000fd680000,0x00000000feb00000)
 ParOldGen       total 61952K, used 46684K [0x00000000a1600000, 0x00000000a5280000, 0x00000000e0780000)
  object space 61952K, 75% used [0x00000000a1600000,0x00000000a43972e0,0x00000000a5280000)
 Metaspace       used 55048K, capacity 57357K, committed 57472K, reserved 1099776K
  class space    used 7544K, capacity 7969K, committed 8064K, reserved 1048576K
}
Event: 79.781 GC heap before
{Heap before GC invocations=15 (full 2):
 PSYoungGen      total 495616K, used 264208K [0x00000000e0780000, 0x0000000100000000, 0x0000000100000000)
  eden space 474112K, 53% used [0x00000000e0780000,0x00000000efe287c0,0x00000000fd680000)
  from space 21504K, 54% used [0x00000000feb00000,0x00000000ff65ba30,0x0000000100000000)
  to   space 20992K, 0% used [0x00000000fd680000,0x00000000fd680000,0x00000000feb00000)
 ParOldGen       total 61952K, used 46684K [0x00000000a1600000, 0x00000000a5280000, 0x00000000e0780000)
  object space 61952K, 75% used [0x00000000a1600000,0x00000000a43972e0,0x00000000a5280000)
 Metaspace       used 56647K, capacity 59055K, committed 59160K, reserved 1099776K
  class space    used 7787K, capacity 8238K, committed 8320K, reserved 1048576K
Event: 79.839 GC heap after
Heap after GC invocations=15 (full 2):
 PSYoungGen      total 481792K, used 7303K [0x00000000e0780000, 0x00000000ffe80000, 0x0000000100000000)
  eden space 474112K, 0% used [0x00000000e0780000,0x00000000e0780000,0x00000000fd680000)
  from space 7680K, 95% used [0x00000000fd680000,0x00000000fdda1fa8,0x00000000fde00000)
  to   space 20480K, 0% used [0x00000000fea80000,0x00000000fea80000,0x00000000ffe80000)
 ParOldGen       total 61952K, used 53224K [0x00000000a1600000, 0x00000000a5280000, 0x00000000e0780000)
  object space 61952K, 85% used [0x00000000a1600000,0x00000000a49fa340,0x00000000a5280000)
 Metaspace       used 56647K, capacity 59055K, committed 59160K, reserved 1099776K
  class space    used 7787K, capacity 8238K, committed 8320K, reserved 1048576K
}
Event: 79.839 GC heap before
{Heap before GC invocations=16 (full 3):
 PSYoungGen      total 481792K, used 7303K [0x00000000e0780000, 0x00000000ffe80000, 0x0000000100000000)
  eden space 474112K, 0% used [0x00000000e0780000,0x00000000e0780000,0x00000000fd680000)
  from space 7680K, 95% used [0x00000000fd680000,0x00000000fdda1fa8,0x00000000fde00000)
  to   space 20480K, 0% used [0x00000000fea80000,0x00000000fea80000,0x00000000ffe80000)
 ParOldGen       total 61952K, used 53224K [0x00000000a1600000, 0x00000000a5280000, 0x00000000e0780000)
  object space 61952K, 85% used [0x00000000a1600000,0x00000000a49fa340,0x00000000a5280000)
 Metaspace       used 56647K, capacity 59055K, committed 59160K, reserved 1099776K
  class space    used 7787K, capacity 8238K, committed 8320K, reserved 1048576K
Event: 81.400 GC heap after
Heap after GC invocations=16 (full 3):
 PSYoungGen      total 481792K, used 0K [0x00000000e0780000, 0x00000000ffe80000, 0x0000000100000000)
  eden space 474112K, 0% used [0x00000000e0780000,0x00000000e0780000,0x00000000fd680000)
  from space 7680K, 0% used [0x00000000fd680000,0x00000000fd680000,0x00000000fde00000)
  to   space 20480K, 0% used [0x00000000fea80000,0x00000000fea80000,0x00000000ffe80000)
 ParOldGen       total 120320K, used 50643K [0x00000000a1600000, 0x00000000a8b80000, 0x00000000e0780000)
  object space 120320K, 42% used [0x00000000a1600000,0x00000000a4774d28,0x00000000a8b80000)
 Metaspace       used 56647K, capacity 59055K, committed 59160K, reserved 1099776K
  class space    used 7787K, capacity 8238K, committed 8320K, reserved 1048576K
}
Event: 86.202 GC heap before
{Heap before GC invocations=17 (full 3):
 PSYoungGen      total 481792K, used 474112K [0x00000000e0780000, 0x00000000ffe80000, 0x0000000100000000)
  eden space 474112K, 100% used [0x00000000e0780000,0x00000000fd680000,0x00000000fd680000)
  from space 7680K, 0% used [0x00000000fd680000,0x00000000fd680000,0x00000000fde00000)
  to   space 20480K, 0% used [0x00000000fea80000,0x00000000fea80000,0x00000000ffe80000)
 ParOldGen       total 120320K, used 50643K [0x00000000a1600000, 0x00000000a8b80000, 0x00000000e0780000)
  object space 120320K, 42% used [0x00000000a1600000,0x00000000a4774d28,0x00000000a8b80000)
 Metaspace       used 60652K, capacity 63367K, committed 63488K, reserved 1103872K
  class space    used 8396K, capacity 8879K, committed 8960K, reserved 1048576K
Event: 86.228 GC heap after
Heap after GC invocations=17 (full 3):
 PSYoungGen      total 494080K, used 13834K [0x00000000e0780000, 0x0000000100000000, 0x0000000100000000)
  eden space 473600K, 0% used [0x00000000e0780000,0x00000000e0780000,0x00000000fd600000)
  from space 20480K, 67% used [0x00000000fea80000,0x00000000ff802ab8,0x00000000ffe80000)
  to   space 20992K, 0% used [0x00000000fd600000,0x00000000fd600000,0x00000000fea80000)
 ParOldGen       total 120320K, used 50651K [0x00000000a1600000, 0x00000000a8b80000, 0x00000000e0780000)
  object space 120320K, 42% used [0x00000000a1600000,0x00000000a4776d28,0x00000000a8b80000)
 Metaspace       used 60652K, capacity 63367K, committed 63488K, reserved 1103872K
  class space    used 8396K, capacity 8879K, committed 8960K, reserved 1048576K
}
Event: 130.111 GC heap before
{Heap before GC invocations=18 (full 3):
 PSYoungGen      total 494080K, used 487434K [0x00000000e0780000, 0x0000000100000000, 0x0000000100000000)
  eden space 473600K, 100% used [0x00000000e0780000,0x00000000fd600000,0x00000000fd600000)
  from space 20480K, 67% used [0x00000000fea80000,0x00000000ff802ab8,0x00000000ffe80000)
  to   space 20992K, 0% used [0x00000000fd600000,0x00000000fd600000,0x00000000fea80000)
 ParOldGen       total 120320K, used 50651K [0x00000000a1600000, 0x00000000a8b80000, 0x00000000e0780000)
  object space 120320K, 42% used [0x00000000a1600000,0x00000000a4776d28,0x00000000a8b80000)
 Metaspace       used 66255K, capacity 69177K, committed 69376K, reserved 1110016K
  class space    used 9126K, capacity 9630K, committed 9728K, reserved 1048576K
Event: 131.078 GC heap after
Heap after GC invocations=18 (full 3):
 PSYoungGen      total 491008K, used 17194K [0x00000000e0780000, 0x0000000100000000, 0x0000000100000000)
  eden space 473600K, 0% used [0x00000000e0780000,0x00000000e0780000,0x00000000fd600000)
  from space 17408K, 98% used [0x00000000fd600000,0x00000000fe6cabc8,0x00000000fe700000)
  to   space 22528K, 0% used [0x00000000fea00000,0x00000000fea00000,0x0000000100000000)
 ParOldGen       total 120320K, used 50659K [0x00000000a1600000, 0x00000000a8b80000, 0x00000000e0780000)
  object space 120320K, 42% used [0x00000000a1600000,0x00000000a4778d28,0x00000000a8b80000)
 Metaspace       used 66255K, capacity 69177K, committed 69376K, reserved 1110016K
  class space    used 9126K, capacity 9630K, committed 9728K, reserved 1048576K
}

